<?xml version="1.0" encoding="UTF-8"?>
<testng-results skipped="0" failed="0" ignored="0" total="1" passed="1">
  <reporter-output>
  </reporter-output>
  <suite name="Surefire suite" duration-ms="123725" started-at="2019-04-01T09:48:03Z" finished-at="2019-04-01T09:50:06Z">
    <groups>
    </groups>
    <test name="Surefire test" duration-ms="123725" started-at="2019-04-01T09:48:03Z" finished-at="2019-04-01T09:50:06Z">
      <class name="org.castiron.testing.castiron_testing.CIScreenGrab">
        <test-method status="PASS" signature="TestMethod()[pri:0, instance:org.castiron.testing.castiron_testing.CIScreenGrab@735f7ae5]" name="TestMethod" duration-ms="123681" started-at="2019-04-01T15:18:03Z" finished-at="2019-04-01T15:20:06Z">
          <reporter-output>
          </reporter-output>
        </test-method> <!-- TestMethod -->
      </class> <!-- org.castiron.testing.castiron_testing.CIScreenGrab -->
    </test> <!-- Surefire test -->
  </suite> <!-- Surefire suite -->
</testng-results>
